This file contains any messages produced by compilers while
running configure, to aid debugging if configure makes a mistake.

It was created by tmux configure 1.9, which was
generated by GNU Autoconf 2.69.  Invocation command line was

  $ ./configure 

## --------- ##
## Platform. ##
## --------- ##

hostname = iching-2.local
uname -m = x86_64
uname -r = 17.5.0
uname -s = Darwin
uname -v = Darwin Kernel Version 17.5.0: Mon Mar  5 22:24:32 PST 2018; root:xnu-4570.51.1~1/RELEASE_X86_64

/usr/bin/uname -p = i386
/bin/uname -X     = unknown

/bin/arch              = unknown
/usr/bin/arch -k       = unknown
/usr/convex/getsysinfo = unknown
/usr/bin/hostinfo      = Mach kernel version:
	 Darwin Kernel Version 17.5.0: Mon Mar  5 22:24:32 PST 2018; root:xnu-4570.51.1~1/RELEASE_X86_64
Kernel configured for up to 8 processors.
4 processors are physically available.
8 processors are logically available.
Processor type: x86_64h (Intel x86-64h Haswell)
Processors active: 0 1 2 3 4 5 6 7
Primary memory available: 16.00 gigabytes
Default processor set: 559 tasks, 4203 threads, 8 processors
Load average: 1.57, Mach factor: 6.42
/bin/machine           = unknown
/usr/bin/oslevel       = unknown
/bin/universe          = unknown

PATH: /usr/local/sbin
PATH: /Users/jonathan/.yarn/bin
PATH: .
PATH: /data/software/go
PATH: /data/software/go/bin
PATH: /usr/local/bin
PATH: /usr/local/go/bin
PATH: /usr/local/opt/python/libexec/bin
PATH: /data/software/flutter/bin
PATH: /usr/local/opt/python/libexec/bin
PATH: /data/software/flutter/bin
PATH: /usr/local/share/python/
PATH: /usr/local/bin/
PATH: /usr/local/sbin
PATH: /Users/jonathan/.yarn/bin
PATH: .
PATH: /data/software/go
PATH: /data/software/go/bin
PATH: /usr/local/bin
PATH: /usr/local/go/bin
PATH: /usr/local/opt/python/libexec/bin
PATH: /data/software/flutter/bin
PATH: /usr/local/opt/python/libexec/bin
PATH: /data/software/flutter/bin
PATH: /usr/local/share/python/
PATH: /usr/local/bin/
PATH: /Users/jonathan/.rvm/gems/ruby-2.3.0/bin
PATH: /Users/jonathan/.rvm/gems/ruby-2.3.0@global/bin
PATH: /Users/jonathan/.rvm/rubies/ruby-2.3.0/bin
PATH: /usr/local/sbin
PATH: /Users/jonathan/.yarn/bin
PATH: .
PATH: /data/software/go
PATH: /data/software/go/bin
PATH: /usr/local/bin
PATH: /usr/local/go/bin
PATH: /usr/local/opt/python/libexec/bin
PATH: /data/software/flutter/bin
PATH: /usr/local/opt/python/libexec/bin
PATH: /data/software/flutter/bin
PATH: /usr/local/share/python/
PATH: /usr/local/bin/
PATH: /usr/local/bin
PATH: /usr/bin
PATH: /bin
PATH: /usr/sbin
PATH: /sbin
PATH: /usr/local/go/bin
PATH: /usr/local/MacGPG2/bin
PATH: /Users/jonathan/.rvm/bin


## ----------- ##
## Core tests. ##
## ----------- ##

configure:2329: checking for a BSD-compatible install
configure:2397: result: /usr/bin/install -c
configure:2408: checking whether build environment is sane
configure:2463: result: yes
configure:2614: checking for a thread-safe mkdir -p
configure:2653: result: etc/install-sh -c -d
configure:2660: checking for gawk
configure:2690: result: no
configure:2660: checking for mawk
configure:2690: result: no
configure:2660: checking for nawk
configure:2690: result: no
configure:2660: checking for awk
configure:2676: found /usr/bin/awk
configure:2687: result: awk
configure:2698: checking whether make sets $(MAKE)
configure:2720: result: yes
configure:2749: checking whether make supports nested variables
configure:2766: result: yes
configure:2896: checking build system type
configure:2910: result: x86_64-apple-darwin17.5.0
configure:2930: checking host system type
configure:2943: result: x86_64-apple-darwin17.5.0
configure:3018: checking for gcc
configure:3034: found /usr/bin/gcc
configure:3045: result: gcc
configure:3274: checking for C compiler version
configure:3283: gcc --version >&5
Apple LLVM version 9.1.0 (clang-902.0.39.1)
Target: x86_64-apple-darwin17.5.0
Thread model: posix
InstalledDir: /Applications/Xcode.app/Contents/Developer/Toolchains/XcodeDefault.xctoolchain/usr/bin
Configured with: --prefix=/Applications/Xcode.app/Contents/Developer/usr --with-gxx-include-dir=/usr/include/c++/4.2.1
configure:3294: $? = 0
configure:3283: gcc -v >&5
Configured with: --prefix=/Applications/Xcode.app/Contents/Developer/usr --with-gxx-include-dir=/usr/include/c++/4.2.1
Apple LLVM version 9.1.0 (clang-902.0.39.1)
Target: x86_64-apple-darwin17.5.0
Thread model: posix
InstalledDir: /Applications/Xcode.app/Contents/Developer/Toolchains/XcodeDefault.xctoolchain/usr/bin
configure:3294: $? = 0
configure:3283: gcc -V >&5
clang: error: argument to '-V' is missing (expected 1 value)
clang: error: no input files
configure:3294: $? = 1
configure:3283: gcc -qversion >&5
clang: error: unknown argument: '-qversion'
clang: error: no input files
configure:3294: $? = 1
configure:3314: checking whether the C compiler works
configure:3336: gcc    conftest.c  >&5
configure:3340: $? = 0
configure:3388: result: yes
configure:3391: checking for C compiler default output file name
configure:3393: result: a.out
configure:3399: checking for suffix of executables
configure:3406: gcc -o conftest    conftest.c  >&5
configure:3410: $? = 0
configure:3432: result: 
configure:3454: checking whether we are cross compiling
configure:3462: gcc -o conftest    conftest.c  >&5
configure:3466: $? = 0
configure:3473: ./conftest
configure:3477: $? = 0
configure:3492: result: no
configure:3497: checking for suffix of object files
configure:3519: gcc -c   conftest.c >&5
configure:3523: $? = 0
configure:3544: result: o
configure:3548: checking whether we are using the GNU C compiler
configure:3567: gcc -c   conftest.c >&5
configure:3567: $? = 0
configure:3576: result: yes
configure:3585: checking whether gcc accepts -g
configure:3605: gcc -c -g  conftest.c >&5
configure:3605: $? = 0
configure:3646: result: yes
configure:3663: checking for gcc option to accept ISO C89
configure:3726: gcc  -c   conftest.c >&5
configure:3726: $? = 0
configure:3739: result: none needed
configure:3764: checking whether gcc understands -c and -o together
configure:3786: gcc -c conftest.c -o conftest2.o
configure:3789: $? = 0
configure:3786: gcc -c conftest.c -o conftest2.o
configure:3789: $? = 0
configure:3801: result: yes
configure:3829: checking for style of include used by make
configure:3857: result: GNU
configure:3883: checking dependency style of gcc
configure:3994: result: gcc3
configure:4023: checking how to run the C preprocessor
configure:4054: gcc -E  conftest.c
configure:4054: $? = 0
configure:4068: gcc -E  conftest.c
conftest.c:11:10: fatal error: 'ac_nonexistent.h' file not found
#include <ac_nonexistent.h>
         ^~~~~~~~~~~~~~~~~~
1 error generated.
configure:4068: $? = 1
configure: failed program was:
| /* confdefs.h */
| #define PACKAGE_NAME "tmux"
| #define PACKAGE_TARNAME "tmux"
| #define PACKAGE_VERSION "1.9"
| #define PACKAGE_STRING "tmux 1.9"
| #define PACKAGE_BUGREPORT ""
| #define PACKAGE_URL ""
| #define PACKAGE "tmux"
| #define VERSION "1.9"
| /* end confdefs.h.  */
| #include <ac_nonexistent.h>
configure:4093: result: gcc -E
configure:4113: gcc -E  conftest.c
configure:4113: $? = 0
configure:4127: gcc -E  conftest.c
conftest.c:11:10: fatal error: 'ac_nonexistent.h' file not found
#include <ac_nonexistent.h>
         ^~~~~~~~~~~~~~~~~~
1 error generated.
configure:4127: $? = 1
configure: failed program was:
| /* confdefs.h */
| #define PACKAGE_NAME "tmux"
| #define PACKAGE_TARNAME "tmux"
| #define PACKAGE_VERSION "1.9"
| #define PACKAGE_STRING "tmux 1.9"
| #define PACKAGE_BUGREPORT ""
| #define PACKAGE_URL ""
| #define PACKAGE "tmux"
| #define VERSION "1.9"
| /* end confdefs.h.  */
| #include <ac_nonexistent.h>
configure:4156: checking for grep that handles long lines and -e
configure:4214: result: /usr/bin/grep
configure:4219: checking for egrep
configure:4281: result: /usr/bin/grep -E
configure:4286: checking for ANSI C header files
configure:4306: gcc -c   conftest.c >&5
configure:4306: $? = 0
configure:4379: gcc -o conftest    conftest.c  >&5
configure:4379: $? = 0
configure:4379: ./conftest
configure:4379: $? = 0
configure:4390: result: yes
configure:4403: checking for sys/types.h
configure:4403: gcc -c   conftest.c >&5
configure:4403: $? = 0
configure:4403: result: yes
configure:4403: checking for sys/stat.h
configure:4403: gcc -c   conftest.c >&5
configure:4403: $? = 0
configure:4403: result: yes
configure:4403: checking for stdlib.h
configure:4403: gcc -c   conftest.c >&5
configure:4403: $? = 0
configure:4403: result: yes
configure:4403: checking for string.h
configure:4403: gcc -c   conftest.c >&5
configure:4403: $? = 0
configure:4403: result: yes
configure:4403: checking for memory.h
configure:4403: gcc -c   conftest.c >&5
configure:4403: $? = 0
configure:4403: result: yes
configure:4403: checking for strings.h
configure:4403: gcc -c   conftest.c >&5
configure:4403: $? = 0
configure:4403: result: yes
configure:4403: checking for inttypes.h
configure:4403: gcc -c   conftest.c >&5
configure:4403: $? = 0
configure:4403: result: yes
configure:4403: checking for stdint.h
configure:4403: gcc -c   conftest.c >&5
configure:4403: $? = 0
configure:4403: result: yes
configure:4403: checking for unistd.h
configure:4403: gcc -c   conftest.c >&5
configure:4403: $? = 0
configure:4403: result: yes
configure:4436: checking bitstring.h usability
configure:4436: gcc -c   conftest.c >&5
configure:4436: $? = 0
configure:4436: result: yes
configure:4436: checking bitstring.h presence
configure:4436: gcc -E  conftest.c
configure:4436: $? = 0
configure:4436: result: yes
configure:4436: checking for bitstring.h
configure:4436: result: yes
configure:4436: checking curses.h usability
configure:4436: gcc -c   conftest.c >&5
configure:4436: $? = 0
configure:4436: result: yes
configure:4436: checking curses.h presence
configure:4436: gcc -E  conftest.c
configure:4436: $? = 0
configure:4436: result: yes
configure:4436: checking for curses.h
configure:4436: result: yes
configure:4436: checking dirent.h usability
configure:4436: gcc -c   conftest.c >&5
configure:4436: $? = 0
configure:4436: result: yes
configure:4436: checking dirent.h presence
configure:4436: gcc -E  conftest.c
configure:4436: $? = 0
configure:4436: result: yes
configure:4436: checking for dirent.h
configure:4436: result: yes
configure:4436: checking fcntl.h usability
configure:4436: gcc -c   conftest.c >&5
configure:4436: $? = 0
configure:4436: result: yes
configure:4436: checking fcntl.h presence
configure:4436: gcc -E  conftest.c
configure:4436: $? = 0
configure:4436: result: yes
configure:4436: checking for fcntl.h
configure:4436: result: yes
configure:4436: checking for inttypes.h
configure:4436: result: yes
configure:4436: checking libutil.h usability
configure:4436: gcc -c   conftest.c >&5
conftest.c:59:10: fatal error: 'libutil.h' file not found
#include <libutil.h>
         ^~~~~~~~~~~
1 error generated.
configure:4436: $? = 1
configure: failed program was:
| /* confdefs.h */
| #define PACKAGE_NAME "tmux"
| #define PACKAGE_TARNAME "tmux"
| #define PACKAGE_VERSION "1.9"
| #define PACKAGE_STRING "tmux 1.9"
| #define PACKAGE_BUGREPORT ""
| #define PACKAGE_URL ""
| #define PACKAGE "tmux"
| #define VERSION "1.9"
| #define STDC_HEADERS 1
| #define HAVE_SYS_TYPES_H 1
| #define HAVE_SYS_STAT_H 1
| #define HAVE_STDLIB_H 1
| #define HAVE_STRING_H 1
| #define HAVE_MEMORY_H 1
| #define HAVE_STRINGS_H 1
| #define HAVE_INTTYPES_H 1
| #define HAVE_STDINT_H 1
| #define HAVE_UNISTD_H 1
| #define HAVE_BITSTRING_H 1
| #define HAVE_CURSES_H 1
| #define HAVE_DIRENT_H 1
| #define HAVE_FCNTL_H 1
| #define HAVE_INTTYPES_H 1
| /* end confdefs.h.  */
| #include <stdio.h>
| #ifdef HAVE_SYS_TYPES_H
| # include <sys/types.h>
| #endif
| #ifdef HAVE_SYS_STAT_H
| # include <sys/stat.h>
| #endif
| #ifdef STDC_HEADERS
| # include <stdlib.h>
| # include <stddef.h>
| #else
| # ifdef HAVE_STDLIB_H
| #  include <stdlib.h>
| # endif
| #endif
| #ifdef HAVE_STRING_H
| # if !defined STDC_HEADERS && defined HAVE_MEMORY_H
| #  include <memory.h>
| # endif
| # include <string.h>
| #endif
| #ifdef HAVE_STRINGS_H
| # include <strings.h>
| #endif
| #ifdef HAVE_INTTYPES_H
| # include <inttypes.h>
| #endif
| #ifdef HAVE_STDINT_H
| # include <stdint.h>
| #endif
| #ifdef HAVE_UNISTD_H
| # include <unistd.h>
| #endif
| #include <libutil.h>
configure:4436: result: no
configure:4436: checking libutil.h presence
configure:4436: gcc -E  conftest.c
conftest.c:26:10: fatal error: 'libutil.h' file not found
#include <libutil.h>
         ^~~~~~~~~~~
1 error generated.
configure:4436: $? = 1
configure: failed program was:
| /* confdefs.h */
| #define PACKAGE_NAME "tmux"
| #define PACKAGE_TARNAME "tmux"
| #define PACKAGE_VERSION "1.9"
| #define PACKAGE_STRING "tmux 1.9"
| #define PACKAGE_BUGREPORT ""
| #define PACKAGE_URL ""
| #define PACKAGE "tmux"
| #define VERSION "1.9"
| #define STDC_HEADERS 1
| #define HAVE_SYS_TYPES_H 1
| #define HAVE_SYS_STAT_H 1
| #define HAVE_STDLIB_H 1
| #define HAVE_STRING_H 1
| #define HAVE_MEMORY_H 1
| #define HAVE_STRINGS_H 1
| #define HAVE_INTTYPES_H 1
| #define HAVE_STDINT_H 1
| #define HAVE_UNISTD_H 1
| #define HAVE_BITSTRING_H 1
| #define HAVE_CURSES_H 1
| #define HAVE_DIRENT_H 1
| #define HAVE_FCNTL_H 1
| #define HAVE_INTTYPES_H 1
| /* end confdefs.h.  */
| #include <libutil.h>
configure:4436: result: no
configure:4436: checking for libutil.h
configure:4436: result: no
configure:4436: checking ncurses.h usability
configure:4436: gcc -c   conftest.c >&5
configure:4436: $? = 0
configure:4436: result: yes
configure:4436: checking ncurses.h presence
configure:4436: gcc -E  conftest.c
configure:4436: $? = 0
configure:4436: result: yes
configure:4436: checking for ncurses.h
configure:4436: result: yes
configure:4436: checking ndir.h usability
configure:4436: gcc -c   conftest.c >&5
conftest.c:60:10: fatal error: 'ndir.h' file not found
#include <ndir.h>
         ^~~~~~~~
1 error generated.
configure:4436: $? = 1
configure: failed program was:
| /* confdefs.h */
| #define PACKAGE_NAME "tmux"
| #define PACKAGE_TARNAME "tmux"
| #define PACKAGE_VERSION "1.9"
| #define PACKAGE_STRING "tmux 1.9"
| #define PACKAGE_BUGREPORT ""
| #define PACKAGE_URL ""
| #define PACKAGE "tmux"
| #define VERSION "1.9"
| #define STDC_HEADERS 1
| #define HAVE_SYS_TYPES_H 1
| #define HAVE_SYS_STAT_H 1
| #define HAVE_STDLIB_H 1
| #define HAVE_STRING_H 1
| #define HAVE_MEMORY_H 1
| #define HAVE_STRINGS_H 1
| #define HAVE_INTTYPES_H 1
| #define HAVE_STDINT_H 1
| #define HAVE_UNISTD_H 1
| #define HAVE_BITSTRING_H 1
| #define HAVE_CURSES_H 1
| #define HAVE_DIRENT_H 1
| #define HAVE_FCNTL_H 1
| #define HAVE_INTTYPES_H 1
| #define HAVE_NCURSES_H 1
| /* end confdefs.h.  */
| #include <stdio.h>
| #ifdef HAVE_SYS_TYPES_H
| # include <sys/types.h>
| #endif
| #ifdef HAVE_SYS_STAT_H
| # include <sys/stat.h>
| #endif
| #ifdef STDC_HEADERS
| # include <stdlib.h>
| # include <stddef.h>
| #else
| # ifdef HAVE_STDLIB_H
| #  include <stdlib.h>
| # endif
| #endif
| #ifdef HAVE_STRING_H
| # if !defined STDC_HEADERS && defined HAVE_MEMORY_H
| #  include <memory.h>
| # endif
| # include <string.h>
| #endif
| #ifdef HAVE_STRINGS_H
| # include <strings.h>
| #endif
| #ifdef HAVE_INTTYPES_H
| # include <inttypes.h>
| #endif
| #ifdef HAVE_STDINT_H
| # include <stdint.h>
| #endif
| #ifdef HAVE_UNISTD_H
| # include <unistd.h>
| #endif
| #include <ndir.h>
configure:4436: result: no
configure:4436: checking ndir.h presence
configure:4436: gcc -E  conftest.c
conftest.c:27:10: fatal error: 'ndir.h' file not found
#include <ndir.h>
         ^~~~~~~~
1 error generated.
configure:4436: $? = 1
configure: failed program was:
| /* confdefs.h */
| #define PACKAGE_NAME "tmux"
| #define PACKAGE_TARNAME "tmux"
| #define PACKAGE_VERSION "1.9"
| #define PACKAGE_STRING "tmux 1.9"
| #define PACKAGE_BUGREPORT ""
| #define PACKAGE_URL ""
| #define PACKAGE "tmux"
| #define VERSION "1.9"
| #define STDC_HEADERS 1
| #define HAVE_SYS_TYPES_H 1
| #define HAVE_SYS_STAT_H 1
| #define HAVE_STDLIB_H 1
| #define HAVE_STRING_H 1
| #define HAVE_MEMORY_H 1
| #define HAVE_STRINGS_H 1
| #define HAVE_INTTYPES_H 1
| #define HAVE_STDINT_H 1
| #define HAVE_UNISTD_H 1
| #define HAVE_BITSTRING_H 1
| #define HAVE_CURSES_H 1
| #define HAVE_DIRENT_H 1
| #define HAVE_FCNTL_H 1
| #define HAVE_INTTYPES_H 1
| #define HAVE_NCURSES_H 1
| /* end confdefs.h.  */
| #include <ndir.h>
configure:4436: result: no
configure:4436: checking for ndir.h
configure:4436: result: no
configure:4436: checking paths.h usability
configure:4436: gcc -c   conftest.c >&5
configure:4436: $? = 0
configure:4436: result: yes
configure:4436: checking paths.h presence
configure:4436: gcc -E  conftest.c
configure:4436: $? = 0
configure:4436: result: yes
configure:4436: checking for paths.h
configure:4436: result: yes
configure:4436: checking pty.h usability
configure:4436: gcc -c   conftest.c >&5
conftest.c:61:10: fatal error: 'pty.h' file not found
#include <pty.h>
         ^~~~~~~
1 error generated.
configure:4436: $? = 1
configure: failed program was:
| /* confdefs.h */
| #define PACKAGE_NAME "tmux"
| #define PACKAGE_TARNAME "tmux"
| #define PACKAGE_VERSION "1.9"
| #define PACKAGE_STRING "tmux 1.9"
| #define PACKAGE_BUGREPORT ""
| #define PACKAGE_URL ""
| #define PACKAGE "tmux"
| #define VERSION "1.9"
| #define STDC_HEADERS 1
| #define HAVE_SYS_TYPES_H 1
| #define HAVE_SYS_STAT_H 1
| #define HAVE_STDLIB_H 1
| #define HAVE_STRING_H 1
| #define HAVE_MEMORY_H 1
| #define HAVE_STRINGS_H 1
| #define HAVE_INTTYPES_H 1
| #define HAVE_STDINT_H 1
| #define HAVE_UNISTD_H 1
| #define HAVE_BITSTRING_H 1
| #define HAVE_CURSES_H 1
| #define HAVE_DIRENT_H 1
| #define HAVE_FCNTL_H 1
| #define HAVE_INTTYPES_H 1
| #define HAVE_NCURSES_H 1
| #define HAVE_PATHS_H 1
| /* end confdefs.h.  */
| #include <stdio.h>
| #ifdef HAVE_SYS_TYPES_H
| # include <sys/types.h>
| #endif
| #ifdef HAVE_SYS_STAT_H
| # include <sys/stat.h>
| #endif
| #ifdef STDC_HEADERS
| # include <stdlib.h>
| # include <stddef.h>
| #else
| # ifdef HAVE_STDLIB_H
| #  include <stdlib.h>
| # endif
| #endif
| #ifdef HAVE_STRING_H
| # if !defined STDC_HEADERS && defined HAVE_MEMORY_H
| #  include <memory.h>
| # endif
| # include <string.h>
| #endif
| #ifdef HAVE_STRINGS_H
| # include <strings.h>
| #endif
| #ifdef HAVE_INTTYPES_H
| # include <inttypes.h>
| #endif
| #ifdef HAVE_STDINT_H
| # include <stdint.h>
| #endif
| #ifdef HAVE_UNISTD_H
| # include <unistd.h>
| #endif
| #include <pty.h>
configure:4436: result: no
configure:4436: checking pty.h presence
configure:4436: gcc -E  conftest.c
conftest.c:28:10: fatal error: 'pty.h' file not found
#include <pty.h>
         ^~~~~~~
1 error generated.
configure:4436: $? = 1
configure: failed program was:
| /* confdefs.h */
| #define PACKAGE_NAME "tmux"
| #define PACKAGE_TARNAME "tmux"
| #define PACKAGE_VERSION "1.9"
| #define PACKAGE_STRING "tmux 1.9"
| #define PACKAGE_BUGREPORT ""
| #define PACKAGE_URL ""
| #define PACKAGE "tmux"
| #define VERSION "1.9"
| #define STDC_HEADERS 1
| #define HAVE_SYS_TYPES_H 1
| #define HAVE_SYS_STAT_H 1
| #define HAVE_STDLIB_H 1
| #define HAVE_STRING_H 1
| #define HAVE_MEMORY_H 1
| #define HAVE_STRINGS_H 1
| #define HAVE_INTTYPES_H 1
| #define HAVE_STDINT_H 1
| #define HAVE_UNISTD_H 1
| #define HAVE_BITSTRING_H 1
| #define HAVE_CURSES_H 1
| #define HAVE_DIRENT_H 1
| #define HAVE_FCNTL_H 1
| #define HAVE_INTTYPES_H 1
| #define HAVE_NCURSES_H 1
| #define HAVE_PATHS_H 1
| /* end confdefs.h.  */
| #include <pty.h>
configure:4436: result: no
configure:4436: checking for pty.h
configure:4436: result: no
configure:4436: checking for stdint.h
configure:4436: result: yes
configure:4436: checking sys/dir.h usability
configure:4436: gcc -c   conftest.c >&5
configure:4436: $? = 0
configure:4436: result: yes
configure:4436: checking sys/dir.h presence
configure:4436: gcc -E  conftest.c
configure:4436: $? = 0
configure:4436: result: yes
configure:4436: checking for sys/dir.h
configure:4436: result: yes
configure:4436: checking sys/ndir.h usability
configure:4436: gcc -c   conftest.c >&5
conftest.c:63:10: fatal error: 'sys/ndir.h' file not found
#include <sys/ndir.h>
         ^~~~~~~~~~~~
1 error generated.
configure:4436: $? = 1
configure: failed program was:
| /* confdefs.h */
| #define PACKAGE_NAME "tmux"
| #define PACKAGE_TARNAME "tmux"
| #define PACKAGE_VERSION "1.9"
| #define PACKAGE_STRING "tmux 1.9"
| #define PACKAGE_BUGREPORT ""
| #define PACKAGE_URL ""
| #define PACKAGE "tmux"
| #define VERSION "1.9"
| #define STDC_HEADERS 1
| #define HAVE_SYS_TYPES_H 1
| #define HAVE_SYS_STAT_H 1
| #define HAVE_STDLIB_H 1
| #define HAVE_STRING_H 1
| #define HAVE_MEMORY_H 1
| #define HAVE_STRINGS_H 1
| #define HAVE_INTTYPES_H 1
| #define HAVE_STDINT_H 1
| #define HAVE_UNISTD_H 1
| #define HAVE_BITSTRING_H 1
| #define HAVE_CURSES_H 1
| #define HAVE_DIRENT_H 1
| #define HAVE_FCNTL_H 1
| #define HAVE_INTTYPES_H 1
| #define HAVE_NCURSES_H 1
| #define HAVE_PATHS_H 1
| #define HAVE_STDINT_H 1
| #define HAVE_SYS_DIR_H 1
| /* end confdefs.h.  */
| #include <stdio.h>
| #ifdef HAVE_SYS_TYPES_H
| # include <sys/types.h>
| #endif
| #ifdef HAVE_SYS_STAT_H
| # include <sys/stat.h>
| #endif
| #ifdef STDC_HEADERS
| # include <stdlib.h>
| # include <stddef.h>
| #else
| # ifdef HAVE_STDLIB_H
| #  include <stdlib.h>
| # endif
| #endif
| #ifdef HAVE_STRING_H
| # if !defined STDC_HEADERS && defined HAVE_MEMORY_H
| #  include <memory.h>
| # endif
| # include <string.h>
| #endif
| #ifdef HAVE_STRINGS_H
| # include <strings.h>
| #endif
| #ifdef HAVE_INTTYPES_H
| # include <inttypes.h>
| #endif
| #ifdef HAVE_STDINT_H
| # include <stdint.h>
| #endif
| #ifdef HAVE_UNISTD_H
| # include <unistd.h>
| #endif
| #include <sys/ndir.h>
configure:4436: result: no
configure:4436: checking sys/ndir.h presence
configure:4436: gcc -E  conftest.c
conftest.c:30:10: fatal error: 'sys/ndir.h' file not found
#include <sys/ndir.h>
         ^~~~~~~~~~~~
1 error generated.
configure:4436: $? = 1
configure: failed program was:
| /* confdefs.h */
| #define PACKAGE_NAME "tmux"
| #define PACKAGE_TARNAME "tmux"
| #define PACKAGE_VERSION "1.9"
| #define PACKAGE_STRING "tmux 1.9"
| #define PACKAGE_BUGREPORT ""
| #define PACKAGE_URL ""
| #define PACKAGE "tmux"
| #define VERSION "1.9"
| #define STDC_HEADERS 1
| #define HAVE_SYS_TYPES_H 1
| #define HAVE_SYS_STAT_H 1
| #define HAVE_STDLIB_H 1
| #define HAVE_STRING_H 1
| #define HAVE_MEMORY_H 1
| #define HAVE_STRINGS_H 1
| #define HAVE_INTTYPES_H 1
| #define HAVE_STDINT_H 1
| #define HAVE_UNISTD_H 1
| #define HAVE_BITSTRING_H 1
| #define HAVE_CURSES_H 1
| #define HAVE_DIRENT_H 1
| #define HAVE_FCNTL_H 1
| #define HAVE_INTTYPES_H 1
| #define HAVE_NCURSES_H 1
| #define HAVE_PATHS_H 1
| #define HAVE_STDINT_H 1
| #define HAVE_SYS_DIR_H 1
| /* end confdefs.h.  */
| #include <sys/ndir.h>
configure:4436: result: no
configure:4436: checking for sys/ndir.h
configure:4436: result: no
configure:4436: checking sys/tree.h usability
configure:4436: gcc -c   conftest.c >&5
conftest.c:63:10: fatal error: 'sys/tree.h' file not found
#include <sys/tree.h>
         ^~~~~~~~~~~~
1 error generated.
configure:4436: $? = 1
configure: failed program was:
| /* confdefs.h */
| #define PACKAGE_NAME "tmux"
| #define PACKAGE_TARNAME "tmux"
| #define PACKAGE_VERSION "1.9"
| #define PACKAGE_STRING "tmux 1.9"
| #define PACKAGE_BUGREPORT ""
| #define PACKAGE_URL ""
| #define PACKAGE "tmux"
| #define VERSION "1.9"
| #define STDC_HEADERS 1
| #define HAVE_SYS_TYPES_H 1
| #define HAVE_SYS_STAT_H 1
| #define HAVE_STDLIB_H 1
| #define HAVE_STRING_H 1
| #define HAVE_MEMORY_H 1
| #define HAVE_STRINGS_H 1
| #define HAVE_INTTYPES_H 1
| #define HAVE_STDINT_H 1
| #define HAVE_UNISTD_H 1
| #define HAVE_BITSTRING_H 1
| #define HAVE_CURSES_H 1
| #define HAVE_DIRENT_H 1
| #define HAVE_FCNTL_H 1
| #define HAVE_INTTYPES_H 1
| #define HAVE_NCURSES_H 1
| #define HAVE_PATHS_H 1
| #define HAVE_STDINT_H 1
| #define HAVE_SYS_DIR_H 1
| /* end confdefs.h.  */
| #include <stdio.h>
| #ifdef HAVE_SYS_TYPES_H
| # include <sys/types.h>
| #endif
| #ifdef HAVE_SYS_STAT_H
| # include <sys/stat.h>
| #endif
| #ifdef STDC_HEADERS
| # include <stdlib.h>
| # include <stddef.h>
| #else
| # ifdef HAVE_STDLIB_H
| #  include <stdlib.h>
| # endif
| #endif
| #ifdef HAVE_STRING_H
| # if !defined STDC_HEADERS && defined HAVE_MEMORY_H
| #  include <memory.h>
| # endif
| # include <string.h>
| #endif
| #ifdef HAVE_STRINGS_H
| # include <strings.h>
| #endif
| #ifdef HAVE_INTTYPES_H
| # include <inttypes.h>
| #endif
| #ifdef HAVE_STDINT_H
| # include <stdint.h>
| #endif
| #ifdef HAVE_UNISTD_H
| # include <unistd.h>
| #endif
| #include <sys/tree.h>
configure:4436: result: no
configure:4436: checking sys/tree.h presence
configure:4436: gcc -E  conftest.c
conftest.c:30:10: fatal error: 'sys/tree.h' file not found
#include <sys/tree.h>
         ^~~~~~~~~~~~
1 error generated.
configure:4436: $? = 1
configure: failed program was:
| /* confdefs.h */
| #define PACKAGE_NAME "tmux"
| #define PACKAGE_TARNAME "tmux"
| #define PACKAGE_VERSION "1.9"
| #define PACKAGE_STRING "tmux 1.9"
| #define PACKAGE_BUGREPORT ""
| #define PACKAGE_URL ""
| #define PACKAGE "tmux"
| #define VERSION "1.9"
| #define STDC_HEADERS 1
| #define HAVE_SYS_TYPES_H 1
| #define HAVE_SYS_STAT_H 1
| #define HAVE_STDLIB_H 1
| #define HAVE_STRING_H 1
| #define HAVE_MEMORY_H 1
| #define HAVE_STRINGS_H 1
| #define HAVE_INTTYPES_H 1
| #define HAVE_STDINT_H 1
| #define HAVE_UNISTD_H 1
| #define HAVE_BITSTRING_H 1
| #define HAVE_CURSES_H 1
| #define HAVE_DIRENT_H 1
| #define HAVE_FCNTL_H 1
| #define HAVE_INTTYPES_H 1
| #define HAVE_NCURSES_H 1
| #define HAVE_PATHS_H 1
| #define HAVE_STDINT_H 1
| #define HAVE_SYS_DIR_H 1
| /* end confdefs.h.  */
| #include <sys/tree.h>
configure:4436: result: no
configure:4436: checking for sys/tree.h
configure:4436: result: no
configure:4436: checking term.h usability
configure:4436: gcc -c   conftest.c >&5
configure:4436: $? = 0
configure:4436: result: yes
configure:4436: checking term.h presence
configure:4436: gcc -E  conftest.c
configure:4436: $? = 0
configure:4436: result: yes
configure:4436: checking for term.h
configure:4436: result: yes
configure:4436: checking util.h usability
configure:4436: gcc -c   conftest.c >&5
configure:4436: $? = 0
configure:4436: result: yes
configure:4436: checking util.h presence
configure:4436: gcc -E  conftest.c
configure:4436: $? = 0
configure:4436: result: yes
configure:4436: checking for util.h
configure:4436: result: yes
configure:4484: checking for gcc that whines about -I
configure:4511: result: yes
configure:4542: checking for glibc
conftest.c:33:12: fatal error: 'features.h' file not found
                #include <features.h>
                         ^~~~~~~~~~~~
1 error generated.
configure:4570: result: no
configure:4574: checking for library containing clock_gettime
configure:4605: gcc -o conftest    conftest.c  >&5
configure:4605: $? = 0
configure:4622: result: none required
configure:4686: checking for pkg-config
configure:4719: result: no
configure:4754: checking for LIBEVENT
configure:4874: result: no
configure:4877: checking for library containing event_init
configure:4908: gcc -o conftest    conftest.c  >&5
Undefined symbols for architecture x86_64:
  "_event_init", referenced from:
      _main in conftest-732315.o
ld: symbol(s) not found for architecture x86_64
clang: error: linker command failed with exit code 1 (use -v to see invocation)
configure:4908: $? = 1
configure: failed program was:
| /* confdefs.h */
| #define PACKAGE_NAME "tmux"
| #define PACKAGE_TARNAME "tmux"
| #define PACKAGE_VERSION "1.9"
| #define PACKAGE_STRING "tmux 1.9"
| #define PACKAGE_BUGREPORT ""
| #define PACKAGE_URL ""
| #define PACKAGE "tmux"
| #define VERSION "1.9"
| #define STDC_HEADERS 1
| #define HAVE_SYS_TYPES_H 1
| #define HAVE_SYS_STAT_H 1
| #define HAVE_STDLIB_H 1
| #define HAVE_STRING_H 1
| #define HAVE_MEMORY_H 1
| #define HAVE_STRINGS_H 1
| #define HAVE_INTTYPES_H 1
| #define HAVE_STDINT_H 1
| #define HAVE_UNISTD_H 1
| #define HAVE_BITSTRING_H 1
| #define HAVE_CURSES_H 1
| #define HAVE_DIRENT_H 1
| #define HAVE_FCNTL_H 1
| #define HAVE_INTTYPES_H 1
| #define HAVE_NCURSES_H 1
| #define HAVE_PATHS_H 1
| #define HAVE_STDINT_H 1
| #define HAVE_SYS_DIR_H 1
| #define HAVE_TERM_H 1
| #define HAVE_UTIL_H 1
| /* end confdefs.h.  */
| 
| /* Override any GCC internal prototype to avoid an error.
|    Use char because int might match the return type of a GCC
|    builtin and then its argument prototype would still apply.  */
| #ifdef __cplusplus
| extern "C"
| #endif
| char event_init ();
| int
| main ()
| {
| return event_init ();
|   ;
|   return 0;
| }
configure:4908: gcc -o conftest    conftest.c -levent   >&5
configure:4908: $? = 0
configure:4925: result: -levent
configure:4954: checking for library containing setupterm
configure:4985: gcc -o conftest    conftest.c -levent  >&5
Undefined symbols for architecture x86_64:
  "_setupterm", referenced from:
      _main in conftest-772df9.o
ld: symbol(s) not found for architecture x86_64
clang: error: linker command failed with exit code 1 (use -v to see invocation)
configure:4985: $? = 1
configure: failed program was:
| /* confdefs.h */
| #define PACKAGE_NAME "tmux"
| #define PACKAGE_TARNAME "tmux"
| #define PACKAGE_VERSION "1.9"
| #define PACKAGE_STRING "tmux 1.9"
| #define PACKAGE_BUGREPORT ""
| #define PACKAGE_URL ""
| #define PACKAGE "tmux"
| #define VERSION "1.9"
| #define STDC_HEADERS 1
| #define HAVE_SYS_TYPES_H 1
| #define HAVE_SYS_STAT_H 1
| #define HAVE_STDLIB_H 1
| #define HAVE_STRING_H 1
| #define HAVE_MEMORY_H 1
| #define HAVE_STRINGS_H 1
| #define HAVE_INTTYPES_H 1
| #define HAVE_STDINT_H 1
| #define HAVE_UNISTD_H 1
| #define HAVE_BITSTRING_H 1
| #define HAVE_CURSES_H 1
| #define HAVE_DIRENT_H 1
| #define HAVE_FCNTL_H 1
| #define HAVE_INTTYPES_H 1
| #define HAVE_NCURSES_H 1
| #define HAVE_PATHS_H 1
| #define HAVE_STDINT_H 1
| #define HAVE_SYS_DIR_H 1
| #define HAVE_TERM_H 1
| #define HAVE_UTIL_H 1
| /* end confdefs.h.  */
| 
| /* Override any GCC internal prototype to avoid an error.
|    Use char because int might match the return type of a GCC
|    builtin and then its argument prototype would still apply.  */
| #ifdef __cplusplus
| extern "C"
| #endif
| char setupterm ();
| int
| main ()
| {
| return setupterm ();
|   ;
|   return 0;
| }
configure:4985: gcc -o conftest    conftest.c -lterminfo  -levent  >&5
ld: library not found for -lterminfo
clang: error: linker command failed with exit code 1 (use -v to see invocation)
configure:4985: $? = 1
configure: failed program was:
| /* confdefs.h */
| #define PACKAGE_NAME "tmux"
| #define PACKAGE_TARNAME "tmux"
| #define PACKAGE_VERSION "1.9"
| #define PACKAGE_STRING "tmux 1.9"
| #define PACKAGE_BUGREPORT ""
| #define PACKAGE_URL ""
| #define PACKAGE "tmux"
| #define VERSION "1.9"
| #define STDC_HEADERS 1
| #define HAVE_SYS_TYPES_H 1
| #define HAVE_SYS_STAT_H 1
| #define HAVE_STDLIB_H 1
| #define HAVE_STRING_H 1
| #define HAVE_MEMORY_H 1
| #define HAVE_STRINGS_H 1
| #define HAVE_INTTYPES_H 1
| #define HAVE_STDINT_H 1
| #define HAVE_UNISTD_H 1
| #define HAVE_BITSTRING_H 1
| #define HAVE_CURSES_H 1
| #define HAVE_DIRENT_H 1
| #define HAVE_FCNTL_H 1
| #define HAVE_INTTYPES_H 1
| #define HAVE_NCURSES_H 1
| #define HAVE_PATHS_H 1
| #define HAVE_STDINT_H 1
| #define HAVE_SYS_DIR_H 1
| #define HAVE_TERM_H 1
| #define HAVE_UTIL_H 1
| /* end confdefs.h.  */
| 
| /* Override any GCC internal prototype to avoid an error.
|    Use char because int might match the return type of a GCC
|    builtin and then its argument prototype would still apply.  */
| #ifdef __cplusplus
| extern "C"
| #endif
| char setupterm ();
| int
| main ()
| {
| return setupterm ();
|   ;
|   return 0;
| }
configure:4985: gcc -o conftest    conftest.c -lcurses  -levent  >&5
configure:4985: $? = 0
configure:5002: result: -lcurses
configure:5018: checking for b64_ntop
configure:5035: gcc -o conftest    conftest.c -lcurses -levent  >&5
Undefined symbols for architecture x86_64:
  "_res_9_b64_ntop", referenced from:
      _main in conftest-edf30f.o
ld: symbol(s) not found for architecture x86_64
clang: error: linker command failed with exit code 1 (use -v to see invocation)
configure:5035: $? = 1
configure: failed program was:
| /* confdefs.h */
| #define PACKAGE_NAME "tmux"
| #define PACKAGE_TARNAME "tmux"
| #define PACKAGE_VERSION "1.9"
| #define PACKAGE_STRING "tmux 1.9"
| #define PACKAGE_BUGREPORT ""
| #define PACKAGE_URL ""
| #define PACKAGE "tmux"
| #define VERSION "1.9"
| #define STDC_HEADERS 1
| #define HAVE_SYS_TYPES_H 1
| #define HAVE_SYS_STAT_H 1
| #define HAVE_STDLIB_H 1
| #define HAVE_STRING_H 1
| #define HAVE_MEMORY_H 1
| #define HAVE_STRINGS_H 1
| #define HAVE_INTTYPES_H 1
| #define HAVE_STDINT_H 1
| #define HAVE_UNISTD_H 1
| #define HAVE_BITSTRING_H 1
| #define HAVE_CURSES_H 1
| #define HAVE_DIRENT_H 1
| #define HAVE_FCNTL_H 1
| #define HAVE_INTTYPES_H 1
| #define HAVE_NCURSES_H 1
| #define HAVE_PATHS_H 1
| #define HAVE_STDINT_H 1
| #define HAVE_SYS_DIR_H 1
| #define HAVE_TERM_H 1
| #define HAVE_UTIL_H 1
| /* end confdefs.h.  */
| 
| 		#include <sys/types.h>
| 		#include <netinet/in.h>
| 		#include <resolv.h>
| 
| int
| main ()
| {
| b64_ntop(NULL, 0, NULL, 0);
|   ;
|   return 0;
| }
configure:5044: result: no
configure:5047: checking for b64_ntop with -lresolv
configure:5065: gcc -o conftest    conftest.c -lcurses -levent  -lresolv >&5
configure:5065: $? = 0
configure:5081: result: yes
configure:5094: checking for library containing inet_ntoa
configure:5125: gcc -o conftest    conftest.c -lcurses -levent  -lresolv >&5
configure:5125: $? = 0
configure:5142: result: none required
configure:5150: checking for library containing socket
configure:5181: gcc -o conftest    conftest.c -lcurses -levent  -lresolv >&5
configure:5181: $? = 0
configure:5198: result: none required
configure:5206: checking for socket in -lxnet
configure:5231: gcc -o conftest    conftest.c -lxnet  -lcurses -levent  -lresolv >&5
ld: library not found for -lxnet
clang: error: linker command failed with exit code 1 (use -v to see invocation)
configure:5231: $? = 1
configure: failed program was:
| /* confdefs.h */
| #define PACKAGE_NAME "tmux"
| #define PACKAGE_TARNAME "tmux"
| #define PACKAGE_VERSION "1.9"
| #define PACKAGE_STRING "tmux 1.9"
| #define PACKAGE_BUGREPORT ""
| #define PACKAGE_URL ""
| #define PACKAGE "tmux"
| #define VERSION "1.9"
| #define STDC_HEADERS 1
| #define HAVE_SYS_TYPES_H 1
| #define HAVE_SYS_STAT_H 1
| #define HAVE_STDLIB_H 1
| #define HAVE_STRING_H 1
| #define HAVE_MEMORY_H 1
| #define HAVE_STRINGS_H 1
| #define HAVE_INTTYPES_H 1
| #define HAVE_STDINT_H 1
| #define HAVE_UNISTD_H 1
| #define HAVE_BITSTRING_H 1
| #define HAVE_CURSES_H 1
| #define HAVE_DIRENT_H 1
| #define HAVE_FCNTL_H 1
| #define HAVE_INTTYPES_H 1
| #define HAVE_NCURSES_H 1
| #define HAVE_PATHS_H 1
| #define HAVE_STDINT_H 1
| #define HAVE_SYS_DIR_H 1
| #define HAVE_TERM_H 1
| #define HAVE_UTIL_H 1
| #define HAVE_B64_NTOP 1
| /* end confdefs.h.  */
| 
| /* Override any GCC internal prototype to avoid an error.
|    Use char because int might match the return type of a GCC
|    builtin and then its argument prototype would still apply.  */
| #ifdef __cplusplus
| extern "C"
| #endif
| char socket ();
| int
| main ()
| {
| return socket ();
|   ;
|   return 0;
| }
configure:5240: result: no
configure:5255: checking for CMSG_DATA
configure:5275: result: yes
configure:5311: checking for library containing imsg_init
configure:5342: gcc -o conftest    conftest.c -lcurses -levent  -lresolv >&5
Undefined symbols for architecture x86_64:
  "_imsg_init", referenced from:
      _main in conftest-12e49b.o
ld: symbol(s) not found for architecture x86_64
clang: error: linker command failed with exit code 1 (use -v to see invocation)
configure:5342: $? = 1
configure: failed program was:
| /* confdefs.h */
| #define PACKAGE_NAME "tmux"
| #define PACKAGE_TARNAME "tmux"
| #define PACKAGE_VERSION "1.9"
| #define PACKAGE_STRING "tmux 1.9"
| #define PACKAGE_BUGREPORT ""
| #define PACKAGE_URL ""
| #define PACKAGE "tmux"
| #define VERSION "1.9"
| #define STDC_HEADERS 1
| #define HAVE_SYS_TYPES_H 1
| #define HAVE_SYS_STAT_H 1
| #define HAVE_STDLIB_H 1
| #define HAVE_STRING_H 1
| #define HAVE_MEMORY_H 1
| #define HAVE_STRINGS_H 1
| #define HAVE_INTTYPES_H 1
| #define HAVE_STDINT_H 1
| #define HAVE_UNISTD_H 1
| #define HAVE_BITSTRING_H 1
| #define HAVE_CURSES_H 1
| #define HAVE_DIRENT_H 1
| #define HAVE_FCNTL_H 1
| #define HAVE_INTTYPES_H 1
| #define HAVE_NCURSES_H 1
| #define HAVE_PATHS_H 1
| #define HAVE_STDINT_H 1
| #define HAVE_SYS_DIR_H 1
| #define HAVE_TERM_H 1
| #define HAVE_UTIL_H 1
| #define HAVE_B64_NTOP 1
| /* end confdefs.h.  */
| 
| /* Override any GCC internal prototype to avoid an error.
|    Use char because int might match the return type of a GCC
|    builtin and then its argument prototype would still apply.  */
| #ifdef __cplusplus
| extern "C"
| #endif
| char imsg_init ();
| int
| main ()
| {
| return imsg_init ();
|   ;
|   return 0;
| }
configure:5342: gcc -o conftest    conftest.c -lutil  -lcurses -levent  -lresolv >&5
Undefined symbols for architecture x86_64:
  "_imsg_init", referenced from:
      _main in conftest-6da569.o
ld: symbol(s) not found for architecture x86_64
clang: error: linker command failed with exit code 1 (use -v to see invocation)
configure:5342: $? = 1
configure: failed program was:
| /* confdefs.h */
| #define PACKAGE_NAME "tmux"
| #define PACKAGE_TARNAME "tmux"
| #define PACKAGE_VERSION "1.9"
| #define PACKAGE_STRING "tmux 1.9"
| #define PACKAGE_BUGREPORT ""
| #define PACKAGE_URL ""
| #define PACKAGE "tmux"
| #define VERSION "1.9"
| #define STDC_HEADERS 1
| #define HAVE_SYS_TYPES_H 1
| #define HAVE_SYS_STAT_H 1
| #define HAVE_STDLIB_H 1
| #define HAVE_STRING_H 1
| #define HAVE_MEMORY_H 1
| #define HAVE_STRINGS_H 1
| #define HAVE_INTTYPES_H 1
| #define HAVE_STDINT_H 1
| #define HAVE_UNISTD_H 1
| #define HAVE_BITSTRING_H 1
| #define HAVE_CURSES_H 1
| #define HAVE_DIRENT_H 1
| #define HAVE_FCNTL_H 1
| #define HAVE_INTTYPES_H 1
| #define HAVE_NCURSES_H 1
| #define HAVE_PATHS_H 1
| #define HAVE_STDINT_H 1
| #define HAVE_SYS_DIR_H 1
| #define HAVE_TERM_H 1
| #define HAVE_UTIL_H 1
| #define HAVE_B64_NTOP 1
| /* end confdefs.h.  */
| 
| /* Override any GCC internal prototype to avoid an error.
|    Use char because int might match the return type of a GCC
|    builtin and then its argument prototype would still apply.  */
| #ifdef __cplusplus
| extern "C"
| #endif
| char imsg_init ();
| int
| main ()
| {
| return imsg_init ();
|   ;
|   return 0;
| }
configure:5359: result: no
configure:5383: checking for library containing forkpty
configure:5414: gcc -o conftest    conftest.c -lcurses -levent  -lresolv >&5
configure:5414: $? = 0
configure:5431: result: none required
configure:5455: checking for closefrom
configure:5455: gcc -o conftest    conftest.c -lcurses -levent  -lresolv >&5
Undefined symbols for architecture x86_64:
  "_closefrom", referenced from:
      _main in conftest-d64ef3.o
ld: symbol(s) not found for architecture x86_64
clang: error: linker command failed with exit code 1 (use -v to see invocation)
configure:5455: $? = 1
configure: failed program was:
| /* confdefs.h */
| #define PACKAGE_NAME "tmux"
| #define PACKAGE_TARNAME "tmux"
| #define PACKAGE_VERSION "1.9"
| #define PACKAGE_STRING "tmux 1.9"
| #define PACKAGE_BUGREPORT ""
| #define PACKAGE_URL ""
| #define PACKAGE "tmux"
| #define VERSION "1.9"
| #define STDC_HEADERS 1
| #define HAVE_SYS_TYPES_H 1
| #define HAVE_SYS_STAT_H 1
| #define HAVE_STDLIB_H 1
| #define HAVE_STRING_H 1
| #define HAVE_MEMORY_H 1
| #define HAVE_STRINGS_H 1
| #define HAVE_INTTYPES_H 1
| #define HAVE_STDINT_H 1
| #define HAVE_UNISTD_H 1
| #define HAVE_BITSTRING_H 1
| #define HAVE_CURSES_H 1
| #define HAVE_DIRENT_H 1
| #define HAVE_FCNTL_H 1
| #define HAVE_INTTYPES_H 1
| #define HAVE_NCURSES_H 1
| #define HAVE_PATHS_H 1
| #define HAVE_STDINT_H 1
| #define HAVE_SYS_DIR_H 1
| #define HAVE_TERM_H 1
| #define HAVE_UTIL_H 1
| #define HAVE_B64_NTOP 1
| #define HAVE_FORKPTY 1
| /* end confdefs.h.  */
| /* Define closefrom to an innocuous variant, in case <limits.h> declares closefrom.
|    For example, HP-UX 11i <limits.h> declares gettimeofday.  */
| #define closefrom innocuous_closefrom
| 
| /* System header to define __stub macros and hopefully few prototypes,
|     which can conflict with char closefrom (); below.
|     Prefer <limits.h> to <assert.h> if __STDC__ is defined, since
|     <limits.h> exists even on freestanding compilers.  */
| 
| #ifdef __STDC__
| # include <limits.h>
| #else
| # include <assert.h>
| #endif
| 
| #undef closefrom
| 
| /* Override any GCC internal prototype to avoid an error.
|    Use char because int might match the return type of a GCC
|    builtin and then its argument prototype would still apply.  */
| #ifdef __cplusplus
| extern "C"
| #endif
| char closefrom ();
| /* The GNU C library defines this for functions which it implements
|     to always fail with ENOSYS.  Some functions are actually named
|     something starting with __ and the normal name is an alias.  */
| #if defined __stub_closefrom || defined __stub___closefrom
| choke me
| #endif
| 
| int
| main ()
| {
| return closefrom ();
|   ;
|   return 0;
| }
configure:5455: result: no
configure:5476: checking for daemon
configure:5476: gcc -o conftest    conftest.c -lcurses -levent  -lresolv >&5
configure:5476: $? = 0
configure:5476: result: yes
configure:5497: checking for setenv
configure:5497: gcc -o conftest    conftest.c -lcurses -levent  -lresolv >&5
configure:5497: $? = 0
configure:5497: result: yes
configure:5518: checking for strlcpy
configure:5518: gcc -o conftest    conftest.c -lcurses -levent  -lresolv >&5
conftest.c:59:6: warning: incompatible redeclaration of library function 'strlcpy' [-Wincompatible-library-redeclaration]
char strlcpy ();
     ^
conftest.c:59:6: note: 'strlcpy' is a builtin with type 'unsigned long (char *, const char *, unsigned long)'
1 warning generated.
configure:5518: $? = 0
configure:5518: result: yes
configure:5539: checking for strlcat
configure:5539: gcc -o conftest    conftest.c -lcurses -levent  -lresolv >&5
conftest.c:60:6: warning: incompatible redeclaration of library function 'strlcat' [-Wincompatible-library-redeclaration]
char strlcat ();
     ^
conftest.c:60:6: note: 'strlcat' is a builtin with type 'unsigned long (char *, const char *, unsigned long)'
1 warning generated.
configure:5539: $? = 0
configure:5539: result: yes
configure:5560: checking for asprintf
configure:5560: gcc -o conftest    conftest.c -lcurses -levent  -lresolv >&5
conftest.c:72:18: warning: format string missing [-Wformat]
return asprintf ();
       ~~~~~~~~  ^
1 warning generated.
configure:5560: $? = 0
configure:5560: result: yes
configure:5581: checking for fgetln
configure:5581: gcc -o conftest    conftest.c -lcurses -levent  -lresolv >&5
configure:5581: $? = 0
configure:5581: result: yes
configure:5602: checking for strcasestr
configure:5602: gcc -o conftest    conftest.c -lcurses -levent  -lresolv >&5
configure:5602: $? = 0
configure:5602: result: yes
configure:5623: checking for strsep
configure:5623: gcc -o conftest    conftest.c -lcurses -levent  -lresolv >&5
configure:5623: $? = 0
configure:5623: result: yes
configure:5644: checking for strtonum
configure:5644: gcc -o conftest    conftest.c -lcurses -levent  -lresolv >&5
Undefined symbols for architecture x86_64:
  "_strtonum", referenced from:
      _main in conftest-41484c.o
ld: symbol(s) not found for architecture x86_64
clang: error: linker command failed with exit code 1 (use -v to see invocation)
configure:5644: $? = 1
configure: failed program was:
| /* confdefs.h */
| #define PACKAGE_NAME "tmux"
| #define PACKAGE_TARNAME "tmux"
| #define PACKAGE_VERSION "1.9"
| #define PACKAGE_STRING "tmux 1.9"
| #define PACKAGE_BUGREPORT ""
| #define PACKAGE_URL ""
| #define PACKAGE "tmux"
| #define VERSION "1.9"
| #define STDC_HEADERS 1
| #define HAVE_SYS_TYPES_H 1
| #define HAVE_SYS_STAT_H 1
| #define HAVE_STDLIB_H 1
| #define HAVE_STRING_H 1
| #define HAVE_MEMORY_H 1
| #define HAVE_STRINGS_H 1
| #define HAVE_INTTYPES_H 1
| #define HAVE_STDINT_H 1
| #define HAVE_UNISTD_H 1
| #define HAVE_BITSTRING_H 1
| #define HAVE_CURSES_H 1
| #define HAVE_DIRENT_H 1
| #define HAVE_FCNTL_H 1
| #define HAVE_INTTYPES_H 1
| #define HAVE_NCURSES_H 1
| #define HAVE_PATHS_H 1
| #define HAVE_STDINT_H 1
| #define HAVE_SYS_DIR_H 1
| #define HAVE_TERM_H 1
| #define HAVE_UTIL_H 1
| #define HAVE_B64_NTOP 1
| #define HAVE_FORKPTY 1
| #define HAVE_DAEMON 1
| #define HAVE_SETENV 1
| #define HAVE_STRLCPY 1
| #define HAVE_STRLCAT 1
| #define HAVE_ASPRINTF 1
| #define HAVE_FGETLN 1
| #define HAVE_STRCASESTR 1
| #define HAVE_STRSEP 1
| /* end confdefs.h.  */
| /* Define strtonum to an innocuous variant, in case <limits.h> declares strtonum.
|    For example, HP-UX 11i <limits.h> declares gettimeofday.  */
| #define strtonum innocuous_strtonum
| 
| /* System header to define __stub macros and hopefully few prototypes,
|     which can conflict with char strtonum (); below.
|     Prefer <limits.h> to <assert.h> if __STDC__ is defined, since
|     <limits.h> exists even on freestanding compilers.  */
| 
| #ifdef __STDC__
| # include <limits.h>
| #else
| # include <assert.h>
| #endif
| 
| #undef strtonum
| 
| /* Override any GCC internal prototype to avoid an error.
|    Use char because int might match the return type of a GCC
|    builtin and then its argument prototype would still apply.  */
| #ifdef __cplusplus
| extern "C"
| #endif
| char strtonum ();
| /* The GNU C library defines this for functions which it implements
|     to always fail with ENOSYS.  Some functions are actually named
|     something starting with __ and the normal name is an alias.  */
| #if defined __stub_strtonum || defined __stub___strtonum
| choke me
| #endif
| 
| int
| main ()
| {
| return strtonum ();
|   ;
|   return 0;
| }
configure:5644: result: no
configure:5665: checking for strnvis
configure:5665: gcc -o conftest    conftest.c -lcurses -levent  -lresolv >&5
configure:5665: $? = 0
configure:5665: result: yes
configure:5673: checking if strnvis is broken
configure:5690: result: yes
configure:5708: checking for cfmakeraw
configure:5708: gcc -o conftest    conftest.c -lcurses -levent  -lresolv >&5
configure:5708: $? = 0
configure:5708: result: yes
configure:5729: checking for openat
configure:5729: gcc -o conftest    conftest.c -lcurses -levent  -lresolv >&5
configure:5729: $? = 0
configure:5729: result: yes
configure:5751: checking for getopt
configure:5751: gcc -o conftest    conftest.c -lcurses -levent  -lresolv >&5
configure:5751: $? = 0
configure:5751: result: yes
configure:5759: checking whether optarg is declared
configure:5759: gcc -c   conftest.c >&5
configure:5759: $? = 0
configure:5759: result: yes
configure:5778: checking whether optind is declared
configure:5778: gcc -c   conftest.c >&5
configure:5778: $? = 0
configure:5778: result: yes
configure:5797: checking whether optreset is declared
configure:5797: gcc -c   conftest.c >&5
configure:5797: $? = 0
configure:5797: result: yes
configure:5818: checking if system getopt should be avoided
configure:5825: result: no
configure:5852: checking for bzero
configure:5852: gcc -o conftest    conftest.c -lcurses -levent  -lresolv >&5
conftest.c:71:6: warning: incompatible redeclaration of library function 'bzero' [-Wincompatible-library-redeclaration]
char bzero ();
     ^
conftest.c:71:6: note: 'bzero' is a builtin with type 'void (void *, unsigned long)'
1 warning generated.
configure:5852: $? = 0
configure:5852: result: yes
configure:5852: checking for dirfd
configure:5852: gcc -o conftest    conftest.c -lcurses -levent  -lresolv >&5
configure:5852: $? = 0
configure:5852: result: yes
configure:5852: checking for setproctitle
configure:5852: gcc -o conftest    conftest.c -lcurses -levent  -lresolv >&5
Undefined symbols for architecture x86_64:
  "_setproctitle", referenced from:
      _main in conftest-26777e.o
ld: symbol(s) not found for architecture x86_64
clang: error: linker command failed with exit code 1 (use -v to see invocation)
configure:5852: $? = 1
configure: failed program was:
| /* confdefs.h */
| #define PACKAGE_NAME "tmux"
| #define PACKAGE_TARNAME "tmux"
| #define PACKAGE_VERSION "1.9"
| #define PACKAGE_STRING "tmux 1.9"
| #define PACKAGE_BUGREPORT ""
| #define PACKAGE_URL ""
| #define PACKAGE "tmux"
| #define VERSION "1.9"
| #define STDC_HEADERS 1
| #define HAVE_SYS_TYPES_H 1
| #define HAVE_SYS_STAT_H 1
| #define HAVE_STDLIB_H 1
| #define HAVE_STRING_H 1
| #define HAVE_MEMORY_H 1
| #define HAVE_STRINGS_H 1
| #define HAVE_INTTYPES_H 1
| #define HAVE_STDINT_H 1
| #define HAVE_UNISTD_H 1
| #define HAVE_BITSTRING_H 1
| #define HAVE_CURSES_H 1
| #define HAVE_DIRENT_H 1
| #define HAVE_FCNTL_H 1
| #define HAVE_INTTYPES_H 1
| #define HAVE_NCURSES_H 1
| #define HAVE_PATHS_H 1
| #define HAVE_STDINT_H 1
| #define HAVE_SYS_DIR_H 1
| #define HAVE_TERM_H 1
| #define HAVE_UTIL_H 1
| #define HAVE_B64_NTOP 1
| #define HAVE_FORKPTY 1
| #define HAVE_DAEMON 1
| #define HAVE_SETENV 1
| #define HAVE_STRLCPY 1
| #define HAVE_STRLCAT 1
| #define HAVE_ASPRINTF 1
| #define HAVE_FGETLN 1
| #define HAVE_STRCASESTR 1
| #define HAVE_STRSEP 1
| #define HAVE_CFMAKERAW 1
| #define HAVE_OPENAT 1
| #define HAVE_DECL_OPTARG 1
| #define HAVE_DECL_OPTIND 1
| #define HAVE_DECL_OPTRESET 1
| #define HAVE_GETOPT 1
| #define HAVE_BZERO 1
| #define HAVE_DIRFD 1
| /* end confdefs.h.  */
| /* Define setproctitle to an innocuous variant, in case <limits.h> declares setproctitle.
|    For example, HP-UX 11i <limits.h> declares gettimeofday.  */
| #define setproctitle innocuous_setproctitle
| 
| /* System header to define __stub macros and hopefully few prototypes,
|     which can conflict with char setproctitle (); below.
|     Prefer <limits.h> to <assert.h> if __STDC__ is defined, since
|     <limits.h> exists even on freestanding compilers.  */
| 
| #ifdef __STDC__
| # include <limits.h>
| #else
| # include <assert.h>
| #endif
| 
| #undef setproctitle
| 
| /* Override any GCC internal prototype to avoid an error.
|    Use char because int might match the return type of a GCC
|    builtin and then its argument prototype would still apply.  */
| #ifdef __cplusplus
| extern "C"
| #endif
| char setproctitle ();
| /* The GNU C library defines this for functions which it implements
|     to always fail with ENOSYS.  Some functions are actually named
|     something starting with __ and the normal name is an alias.  */
| #if defined __stub_setproctitle || defined __stub___setproctitle
| choke me
| #endif
| 
| int
| main ()
| {
| return setproctitle ();
|   ;
|   return 0;
| }
configure:5852: result: no
configure:5852: checking for sysconf
configure:5852: gcc -o conftest    conftest.c -lcurses -levent  -lresolv >&5
configure:5852: $? = 0
configure:5852: result: yes
configure:5852: checking for cfmakeraw
configure:5852: result: yes
configure:5863: checking for BSD-style unsigned types
configure:5878: gcc -c   conftest.c >&5
configure:5878: $? = 0
configure:5880: result: yes
configure:5890: checking whether TAILQ_PREV is declared
configure:5890: gcc -c   conftest.c >&5
configure:5890: $? = 0
configure:5890: result: yes
configure:5899: checking whether TAILQ_REPLACE is declared
configure:5899: gcc -c   conftest.c >&5
conftest.c:63:10: error: use of undeclared identifier 'TAILQ_REPLACE'
  (void) TAILQ_REPLACE;
         ^
1 error generated.
configure:5899: $? = 1
configure: failed program was:
| /* confdefs.h */
| #define PACKAGE_NAME "tmux"
| #define PACKAGE_TARNAME "tmux"
| #define PACKAGE_VERSION "1.9"
| #define PACKAGE_STRING "tmux 1.9"
| #define PACKAGE_BUGREPORT ""
| #define PACKAGE_URL ""
| #define PACKAGE "tmux"
| #define VERSION "1.9"
| #define STDC_HEADERS 1
| #define HAVE_SYS_TYPES_H 1
| #define HAVE_SYS_STAT_H 1
| #define HAVE_STDLIB_H 1
| #define HAVE_STRING_H 1
| #define HAVE_MEMORY_H 1
| #define HAVE_STRINGS_H 1
| #define HAVE_INTTYPES_H 1
| #define HAVE_STDINT_H 1
| #define HAVE_UNISTD_H 1
| #define HAVE_BITSTRING_H 1
| #define HAVE_CURSES_H 1
| #define HAVE_DIRENT_H 1
| #define HAVE_FCNTL_H 1
| #define HAVE_INTTYPES_H 1
| #define HAVE_NCURSES_H 1
| #define HAVE_PATHS_H 1
| #define HAVE_STDINT_H 1
| #define HAVE_SYS_DIR_H 1
| #define HAVE_TERM_H 1
| #define HAVE_UTIL_H 1
| #define HAVE_B64_NTOP 1
| #define HAVE_FORKPTY 1
| #define HAVE_DAEMON 1
| #define HAVE_SETENV 1
| #define HAVE_STRLCPY 1
| #define HAVE_STRLCAT 1
| #define HAVE_ASPRINTF 1
| #define HAVE_FGETLN 1
| #define HAVE_STRCASESTR 1
| #define HAVE_STRSEP 1
| #define HAVE_CFMAKERAW 1
| #define HAVE_OPENAT 1
| #define HAVE_DECL_OPTARG 1
| #define HAVE_DECL_OPTIND 1
| #define HAVE_DECL_OPTRESET 1
| #define HAVE_GETOPT 1
| #define HAVE_BZERO 1
| #define HAVE_DIRFD 1
| #define HAVE_SYSCONF 1
| #define HAVE_CFMAKERAW 1
| #define HAVE_BSD_TYPES 1
| /* end confdefs.h.  */
| #include <sys/queue.h>
| 
| 
| int
| main ()
| {
| #ifndef TAILQ_REPLACE
| #ifdef __cplusplus
|   (void) TAILQ_REPLACE;
| #else
|   (void) TAILQ_REPLACE;
| #endif
| #endif
| 
|   ;
|   return 0;
| }
configure:5899: result: no
configure:5914: checking for __progname
configure:5929: gcc -o conftest    conftest.c -lcurses -levent  -lresolv >&5
configure:5929: $? = 0
configure:5931: result: yes
configure:5942: checking whether F_CLOSEM is declared
configure:5942: gcc -c   conftest.c >&5
conftest.c:64:10: error: use of undeclared identifier 'F_CLOSEM'
  (void) F_CLOSEM;
         ^
1 error generated.
configure:5942: $? = 1
configure: failed program was:
| /* confdefs.h */
| #define PACKAGE_NAME "tmux"
| #define PACKAGE_TARNAME "tmux"
| #define PACKAGE_VERSION "1.9"
| #define PACKAGE_STRING "tmux 1.9"
| #define PACKAGE_BUGREPORT ""
| #define PACKAGE_URL ""
| #define PACKAGE "tmux"
| #define VERSION "1.9"
| #define STDC_HEADERS 1
| #define HAVE_SYS_TYPES_H 1
| #define HAVE_SYS_STAT_H 1
| #define HAVE_STDLIB_H 1
| #define HAVE_STRING_H 1
| #define HAVE_MEMORY_H 1
| #define HAVE_STRINGS_H 1
| #define HAVE_INTTYPES_H 1
| #define HAVE_STDINT_H 1
| #define HAVE_UNISTD_H 1
| #define HAVE_BITSTRING_H 1
| #define HAVE_CURSES_H 1
| #define HAVE_DIRENT_H 1
| #define HAVE_FCNTL_H 1
| #define HAVE_INTTYPES_H 1
| #define HAVE_NCURSES_H 1
| #define HAVE_PATHS_H 1
| #define HAVE_STDINT_H 1
| #define HAVE_SYS_DIR_H 1
| #define HAVE_TERM_H 1
| #define HAVE_UTIL_H 1
| #define HAVE_B64_NTOP 1
| #define HAVE_FORKPTY 1
| #define HAVE_DAEMON 1
| #define HAVE_SETENV 1
| #define HAVE_STRLCPY 1
| #define HAVE_STRLCAT 1
| #define HAVE_ASPRINTF 1
| #define HAVE_FGETLN 1
| #define HAVE_STRCASESTR 1
| #define HAVE_STRSEP 1
| #define HAVE_CFMAKERAW 1
| #define HAVE_OPENAT 1
| #define HAVE_DECL_OPTARG 1
| #define HAVE_DECL_OPTIND 1
| #define HAVE_DECL_OPTRESET 1
| #define HAVE_GETOPT 1
| #define HAVE_BZERO 1
| #define HAVE_DIRFD 1
| #define HAVE_SYSCONF 1
| #define HAVE_CFMAKERAW 1
| #define HAVE_BSD_TYPES 1
| #define HAVE___PROGNAME 1
| /* end confdefs.h.  */
| #include <fcntl.h>
| 
| 
| int
| main ()
| {
| #ifndef F_CLOSEM
| #ifdef __cplusplus
|   (void) F_CLOSEM;
| #else
|   (void) F_CLOSEM;
| #endif
| #endif
| 
|   ;
|   return 0;
| }
configure:5942: result: no
configure:5952: checking for /proc/$$
configure:5960: result: no
configure:5969: checking platform
configure:5978: result: darwin
configure:6261: checking that generated files are newer than configure
configure:6267: result: done
configure:6418: creating ./config.status

## ---------------------- ##
## Running config.status. ##
## ---------------------- ##

This file was extended by tmux config.status 1.9, which was
generated by GNU Autoconf 2.69.  Invocation command line was

  CONFIG_FILES    = 
  CONFIG_HEADERS  = 
  CONFIG_LINKS    = 
  CONFIG_COMMANDS = 
  $ ./config.status 

on iching-2.local

config.status:860: creating Makefile
config.status:1032: executing depfiles commands

## ---------------- ##
## Cache variables. ##
## ---------------- ##

ac_cv_build=x86_64-apple-darwin17.5.0
ac_cv_c_compiler_gnu=yes
ac_cv_env_CC_set=
ac_cv_env_CC_value=
ac_cv_env_CFLAGS_set=
ac_cv_env_CFLAGS_value=
ac_cv_env_CPPFLAGS_set=
ac_cv_env_CPPFLAGS_value=
ac_cv_env_CPP_set=
ac_cv_env_CPP_value=
ac_cv_env_LDFLAGS_set=
ac_cv_env_LDFLAGS_value=
ac_cv_env_LIBEVENT_CFLAGS_set=
ac_cv_env_LIBEVENT_CFLAGS_value=
ac_cv_env_LIBEVENT_LIBS_set=
ac_cv_env_LIBEVENT_LIBS_value=
ac_cv_env_LIBS_set=
ac_cv_env_LIBS_value=
ac_cv_env_PKG_CONFIG_LIBDIR_set=
ac_cv_env_PKG_CONFIG_LIBDIR_value=
ac_cv_env_PKG_CONFIG_PATH_set=
ac_cv_env_PKG_CONFIG_PATH_value=
ac_cv_env_PKG_CONFIG_set=
ac_cv_env_PKG_CONFIG_value=
ac_cv_env_build_alias_set=
ac_cv_env_build_alias_value=
ac_cv_env_host_alias_set=
ac_cv_env_host_alias_value=
ac_cv_env_target_alias_set=
ac_cv_env_target_alias_value=
ac_cv_func_asprintf=yes
ac_cv_func_bzero=yes
ac_cv_func_cfmakeraw=yes
ac_cv_func_closefrom=no
ac_cv_func_daemon=yes
ac_cv_func_dirfd=yes
ac_cv_func_fgetln=yes
ac_cv_func_getopt=yes
ac_cv_func_openat=yes
ac_cv_func_setenv=yes
ac_cv_func_setproctitle=no
ac_cv_func_strcasestr=yes
ac_cv_func_strlcat=yes
ac_cv_func_strlcpy=yes
ac_cv_func_strnvis=yes
ac_cv_func_strsep=yes
ac_cv_func_strtonum=no
ac_cv_func_sysconf=yes
ac_cv_have_decl_F_CLOSEM=no
ac_cv_have_decl_TAILQ_PREV=yes
ac_cv_have_decl_TAILQ_REPLACE=no
ac_cv_have_decl_optarg=yes
ac_cv_have_decl_optind=yes
ac_cv_have_decl_optreset=yes
ac_cv_header_bitstring_h=yes
ac_cv_header_curses_h=yes
ac_cv_header_dirent_h=yes
ac_cv_header_fcntl_h=yes
ac_cv_header_inttypes_h=yes
ac_cv_header_libutil_h=no
ac_cv_header_memory_h=yes
ac_cv_header_ncurses_h=yes
ac_cv_header_ndir_h=no
ac_cv_header_paths_h=yes
ac_cv_header_pty_h=no
ac_cv_header_stdc=yes
ac_cv_header_stdint_h=yes
ac_cv_header_stdlib_h=yes
ac_cv_header_string_h=yes
ac_cv_header_strings_h=yes
ac_cv_header_sys_dir_h=yes
ac_cv_header_sys_ndir_h=no
ac_cv_header_sys_stat_h=yes
ac_cv_header_sys_tree_h=no
ac_cv_header_sys_types_h=yes
ac_cv_header_term_h=yes
ac_cv_header_unistd_h=yes
ac_cv_header_util_h=yes
ac_cv_host=x86_64-apple-darwin17.5.0
ac_cv_lib_xnet_socket=no
ac_cv_objext=o
ac_cv_path_EGREP='/usr/bin/grep -E'
ac_cv_path_GREP=/usr/bin/grep
ac_cv_path_install='/usr/bin/install -c'
ac_cv_prog_AWK=awk
ac_cv_prog_CPP='gcc -E'
ac_cv_prog_ac_ct_CC=gcc
ac_cv_prog_cc_c89=
ac_cv_prog_cc_g=yes
ac_cv_prog_make_make_set=yes
ac_cv_search_clock_gettime='none required'
ac_cv_search_event_init=-levent
ac_cv_search_forkpty='none required'
ac_cv_search_imsg_init=no
ac_cv_search_inet_ntoa='none required'
ac_cv_search_setupterm=-lcurses
ac_cv_search_socket='none required'
am_cv_CC_dependencies_compiler_type=gcc3
am_cv_make_support_nested_variables=yes
am_cv_prog_cc_c_o=yes

## ----------------- ##
## Output variables. ##
## ----------------- ##

ACLOCAL='${SHELL} /data/software/c9/tmux-1.9/etc/missing aclocal-1.14'
AMDEPBACKSLASH='\'
AMDEP_FALSE='#'
AMDEP_TRUE=''
AMTAR='$${TAR-tar}'
AM_BACKSLASH='\'
AM_DEFAULT_V='$(AM_DEFAULT_VERBOSITY)'
AM_DEFAULT_VERBOSITY='1'
AM_V='$(V)'
AUTOCONF='${SHELL} /data/software/c9/tmux-1.9/etc/missing autoconf'
AUTOHEADER='${SHELL} /data/software/c9/tmux-1.9/etc/missing autoheader'
AUTOMAKE='${SHELL} /data/software/c9/tmux-1.9/etc/missing automake-1.14'
AWK='awk'
CC='gcc'
CCDEPMODE='depmode=gcc3'
CFLAGS=''
CPP='gcc -E'
CPPFLAGS=''
CYGPATH_W='echo'
DEFS='-DPACKAGE_NAME=\"tmux\" -DPACKAGE_TARNAME=\"tmux\" -DPACKAGE_VERSION=\"1.9\" -DPACKAGE_STRING=\"tmux\ 1.9\" -DPACKAGE_BUGREPORT=\"\" -DPACKAGE_URL=\"\" -DPACKAGE=\"tmux\" -DVERSION=\"1.9\" -DSTDC_HEADERS=1 -DHAVE_SYS_TYPES_H=1 -DHAVE_SYS_STAT_H=1 -DHAVE_STDLIB_H=1 -DHAVE_STRING_H=1 -DHAVE_MEMORY_H=1 -DHAVE_STRINGS_H=1 -DHAVE_INTTYPES_H=1 -DHAVE_STDINT_H=1 -DHAVE_UNISTD_H=1 -DHAVE_BITSTRING_H=1 -DHAVE_CURSES_H=1 -DHAVE_DIRENT_H=1 -DHAVE_FCNTL_H=1 -DHAVE_INTTYPES_H=1 -DHAVE_NCURSES_H=1 -DHAVE_PATHS_H=1 -DHAVE_STDINT_H=1 -DHAVE_SYS_DIR_H=1 -DHAVE_TERM_H=1 -DHAVE_UTIL_H=1 -DHAVE_B64_NTOP=1 -DHAVE_FORKPTY=1 -DHAVE_DAEMON=1 -DHAVE_SETENV=1 -DHAVE_STRLCPY=1 -DHAVE_STRLCAT=1 -DHAVE_ASPRINTF=1 -DHAVE_FGETLN=1 -DHAVE_STRCASESTR=1 -DHAVE_STRSEP=1 -DHAVE_CFMAKERAW=1 -DHAVE_OPENAT=1 -DHAVE_DECL_OPTARG=1 -DHAVE_DECL_OPTIND=1 -DHAVE_DECL_OPTRESET=1 -DHAVE_GETOPT=1 -DHAVE_BZERO=1 -DHAVE_DIRFD=1 -DHAVE_SYSCONF=1 -DHAVE_CFMAKERAW=1 -DHAVE_BSD_TYPES=1 -DHAVE___PROGNAME=1 -DBROKEN_CMSG_FIRSTHDR=1'
DEPDIR='.deps'
ECHO_C='\c'
ECHO_N=''
ECHO_T=''
EGREP='/usr/bin/grep -E'
EXEEXT=''
GREP='/usr/bin/grep'
INSTALL_DATA='${INSTALL} -m 644'
INSTALL_PROGRAM='${INSTALL}'
INSTALL_SCRIPT='${INSTALL}'
INSTALL_STRIP_PROGRAM='$(install_sh) -c -s'
IS_AIX_FALSE=''
IS_AIX_TRUE='#'
IS_DARWIN_FALSE='#'
IS_DARWIN_TRUE=''
IS_DEBUG_FALSE=''
IS_DEBUG_TRUE='#'
IS_DRAGONFLY_FALSE=''
IS_DRAGONFLY_TRUE='#'
IS_FREEBSD_FALSE=''
IS_FREEBSD_TRUE='#'
IS_GCC4_FALSE='#'
IS_GCC4_TRUE=''
IS_GCC_FALSE='#'
IS_GCC_TRUE=''
IS_GLIBC_FALSE=''
IS_GLIBC_TRUE='#'
IS_HPUX_FALSE=''
IS_HPUX_TRUE='#'
IS_LINUX_FALSE=''
IS_LINUX_TRUE='#'
IS_NETBSD_FALSE=''
IS_NETBSD_TRUE='#'
IS_OPENBSD_FALSE=''
IS_OPENBSD_TRUE='#'
IS_SUNCC_FALSE=''
IS_SUNCC_TRUE='#'
IS_SUNOS_FALSE=''
IS_SUNOS_TRUE='#'
IS_UNKNOWN_FALSE=''
IS_UNKNOWN_TRUE='#'
LDFLAGS=''
LIBEVENT_CFLAGS=''
LIBEVENT_LIBS=''
LIBOBJS=''
LIBS='-lcurses -levent  -lresolv'
LTLIBOBJS=''
MAKEINFO='${SHELL} /data/software/c9/tmux-1.9/etc/missing makeinfo'
MANFORMAT='mdoc'
MKDIR_P='etc/install-sh -c -d'
NO_ASPRINTF_FALSE=''
NO_ASPRINTF_TRUE='#'
NO_B64_NTOP_FALSE=''
NO_B64_NTOP_TRUE='#'
NO_CFMAKERAW_FALSE=''
NO_CFMAKERAW_TRUE='#'
NO_CLOSEFROM_FALSE='#'
NO_CLOSEFROM_TRUE=''
NO_DAEMON_FALSE=''
NO_DAEMON_TRUE='#'
NO_FGETLN_FALSE=''
NO_FGETLN_TRUE='#'
NO_FORKPTY_FALSE=''
NO_FORKPTY_TRUE='#'
NO_GETOPT_FALSE=''
NO_GETOPT_TRUE='#'
NO_IMSG_FALSE='#'
NO_IMSG_TRUE=''
NO_OPENAT_FALSE=''
NO_OPENAT_TRUE='#'
NO_SETENV_FALSE=''
NO_SETENV_TRUE='#'
NO_STRCASESTR_FALSE=''
NO_STRCASESTR_TRUE='#'
NO_STRLCAT_FALSE=''
NO_STRLCAT_TRUE='#'
NO_STRLCPY_FALSE=''
NO_STRLCPY_TRUE='#'
NO_STRSEP_FALSE=''
NO_STRSEP_TRUE='#'
NO_STRTONUM_FALSE='#'
NO_STRTONUM_TRUE=''
NO_VIS_FALSE='#'
NO_VIS_TRUE=''
OBJEXT='o'
PACKAGE='tmux'
PACKAGE_BUGREPORT=''
PACKAGE_NAME='tmux'
PACKAGE_STRING='tmux 1.9'
PACKAGE_TARNAME='tmux'
PACKAGE_URL=''
PACKAGE_VERSION='1.9'
PATH_SEPARATOR=':'
PKG_CONFIG=''
PKG_CONFIG_LIBDIR=''
PKG_CONFIG_PATH=''
PLATFORM='darwin'
SET_MAKE=''
SHELL='/bin/sh'
STRIP=''
VERSION='1.9'
XOPEN_DEFINES=''
ac_ct_CC='gcc'
am__EXEEXT_FALSE=''
am__EXEEXT_TRUE='#'
am__fastdepCC_FALSE='#'
am__fastdepCC_TRUE=''
am__include='include'
am__isrc=''
am__leading_dot='.'
am__nodep='_no'
am__quote=''
am__tar='$${TAR-tar} chof - "$$tardir"'
am__untar='$${TAR-tar} xf -'
bindir='${exec_prefix}/bin'
build='x86_64-apple-darwin17.5.0'
build_alias=''
build_cpu='x86_64'
build_os='darwin17.5.0'
build_vendor='apple'
datadir='${datarootdir}'
datarootdir='${prefix}/share'
docdir='${datarootdir}/doc/${PACKAGE_TARNAME}'
dvidir='${docdir}'
exec_prefix='${prefix}'
host='x86_64-apple-darwin17.5.0'
host_alias=''
host_cpu='x86_64'
host_os='darwin17.5.0'
host_vendor='apple'
htmldir='${docdir}'
includedir='${prefix}/include'
infodir='${datarootdir}/info'
install_sh='${SHELL} /data/software/c9/tmux-1.9/etc/install-sh'
libdir='${exec_prefix}/lib'
libexecdir='${exec_prefix}/libexec'
localedir='${datarootdir}/locale'
localstatedir='${prefix}/var'
mandir='${datarootdir}/man'
mkdir_p='$(MKDIR_P)'
oldincludedir='/usr/include'
pdfdir='${docdir}'
prefix='/usr/local'
program_transform_name='s,x,x,'
psdir='${docdir}'
sbindir='${exec_prefix}/sbin'
sharedstatedir='${prefix}/com'
sysconfdir='/etc'
target_alias=''

## ----------- ##
## confdefs.h. ##
## ----------- ##

/* confdefs.h */
#define PACKAGE_NAME "tmux"
#define PACKAGE_TARNAME "tmux"
#define PACKAGE_VERSION "1.9"
#define PACKAGE_STRING "tmux 1.9"
#define PACKAGE_BUGREPORT ""
#define PACKAGE_URL ""
#define PACKAGE "tmux"
#define VERSION "1.9"
#define STDC_HEADERS 1
#define HAVE_SYS_TYPES_H 1
#define HAVE_SYS_STAT_H 1
#define HAVE_STDLIB_H 1
#define HAVE_STRING_H 1
#define HAVE_MEMORY_H 1
#define HAVE_STRINGS_H 1
#define HAVE_INTTYPES_H 1
#define HAVE_STDINT_H 1
#define HAVE_UNISTD_H 1
#define HAVE_BITSTRING_H 1
#define HAVE_CURSES_H 1
#define HAVE_DIRENT_H 1
#define HAVE_FCNTL_H 1
#define HAVE_INTTYPES_H 1
#define HAVE_NCURSES_H 1
#define HAVE_PATHS_H 1
#define HAVE_STDINT_H 1
#define HAVE_SYS_DIR_H 1
#define HAVE_TERM_H 1
#define HAVE_UTIL_H 1
#define HAVE_B64_NTOP 1
#define HAVE_FORKPTY 1
#define HAVE_DAEMON 1
#define HAVE_SETENV 1
#define HAVE_STRLCPY 1
#define HAVE_STRLCAT 1
#define HAVE_ASPRINTF 1
#define HAVE_FGETLN 1
#define HAVE_STRCASESTR 1
#define HAVE_STRSEP 1
#define HAVE_CFMAKERAW 1
#define HAVE_OPENAT 1
#define HAVE_DECL_OPTARG 1
#define HAVE_DECL_OPTIND 1
#define HAVE_DECL_OPTRESET 1
#define HAVE_GETOPT 1
#define HAVE_BZERO 1
#define HAVE_DIRFD 1
#define HAVE_SYSCONF 1
#define HAVE_CFMAKERAW 1
#define HAVE_BSD_TYPES 1
#define HAVE___PROGNAME 1
#define BROKEN_CMSG_FIRSTHDR 1

configure: exit 0
